info: /home/number/SimplyHttpServerBS/src/WebOp.cpp:62
时间为: 2022-11-12 08:35:29
evHandle: 连接关闭
info: /home/number/SimplyHttpServerBS/src/WebOp.cpp:62
时间为: 2022-11-12 08:35:50
evHandle: 连接关闭
info: /home/number/SimplyHttpServerBS/src/WebOp.cpp:62
时间为: 2022-11-12 08:35:55
evHandle: 连接关闭
info: /home/number/SimplyHttpServerBS/src/WebOp.cpp:62
时间为: 2022-11-12 08:35:57
evHandle: 连接关闭
info: /home/number/SimplyHttpServerBS/src/WebOp.cpp:62
时间为: 2022-11-12 08:36:00
evHandle: 连接关闭
info: /home/number/SimplyHttpServerBS/src/WebOp.cpp:64
时间为: 2022-11-12 08:45:49
evHandle: some other error

info: /home/number/SimplyHttpServerBS/src/WebOp.cpp:62
时间为: 2022-11-12 08:45:49
evHandle: 连接关闭
info: /home/number/SimplyHttpServerBS/src/WebOp.cpp:62
时间为: 2022-11-12 08:45:54
evHandle: 连接关闭
info: /home/number/SimplyHttpServerBS/src/WebOp.cpp:64
时间为: 2022-11-12 08:45:56
evHandle: some other error

info: /home/number/SimplyHttpServerBS/src/WebOp.cpp:62
时间为: 2022-11-12 08:45:56
evHandle: 连接关闭
info: /home/number/SimplyHttpServerBS/src/WebOp.cpp:62
时间为: 2022-11-12 08:45:59
evHandle: 连接关闭
info: /home/number/SimplyHttpServerBS/src/WebOp.cpp:62
时间为: 2022-11-12 08:45:59
evHandle: 连接关闭
info: /home/number/SimplyHttpServerBS/src/WebOp.cpp:64
时间为: 2022-11-12 08:46:02
evHandle: some other error

info: /home/number/SimplyHttpServerBS/src/WebOp.cpp:62
时间为: 2022-11-12 08:46:02
evHandle: 连接关闭
info: /home/number/SimplyHttpServerBS/src/WebOp.cpp:62
时间为: 2022-11-12 08:46:03
evHandle: 连接关闭
info: /home/number/SimplyHttpServerBS/src/WebOp.cpp:62
时间为: 2022-11-12 08:46:04
evHandle: 连接关闭
info: /home/number/SimplyHttpServerBS/src/WebOp.cpp:62
时间为: 2022-11-12 08:46:04
evHandle: 连接关闭
info: /home/number/SimplyHttpServerBS/src/WebOp.cpp:64
时间为: 2022-11-12 08:46:23
evHandle: some other error

info: /home/number/SimplyHttpServerBS/src/WebOp.cpp:62
时间为: 2022-11-12 08:46:23
evHandle: 连接关闭
info: /home/number/SimplyHttpServerBS/src/WebOp.cpp:62
时间为: 2022-11-12 08:46:25
evHandle: 连接关闭
info: /home/number/SimplyHttpServerBS/src/WebOp.cpp:62
时间为: 2022-11-12 08:46:26
evHandle: 连接关闭
info: /home/number/SimplyHttpServerBS/src/WebOp.cpp:62
时间为: 2022-11-12 08:46:28
evHandle: 连接关闭
info: /home/number/SimplyHttpServerBS/src/WebOp.cpp:62
时间为: 2022-11-12 08:46:28
evHandle: 连接关闭
info: /home/number/SimplyHttpServerBS/main.cpp:145
时间为: 2022-12-16 15:14:18
httpRequest: 文件不存在或用户离开
info: /home/number/SimplyHttpServerBS/main.cpp:145
时间为: 2022-12-16 15:14:18
httpRequest: 文件不存在或用户离开
info: /home/number/SimplyHttpServerBS/src/WebOp.cpp:62
时间为: 2022-12-16 15:14:18
evHandle: 连接关闭
info: /home/number/SimplyHttpServerBS/main.cpp:145
时间为: 2022-12-16 15:14:25
httpRequest: 文件不存在或用户离开
info: /home/number/SimplyHttpServerBS/src/WebOp.cpp:62
时间为: 2022-12-16 15:14:25
evHandle: 连接关闭
info: /home/number/SimplyHttpServerBS/main.cpp:145
时间为: 2022-12-16 15:14:25
httpRequest: 文件不存在或用户离开
info: /home/number/SimplyHttpServerBS/src/WebOp.cpp:62
时间为: 2022-12-16 15:14:25
evHandle: 连接关闭
info: /home/number/SimplyHttpServerBS/main.cpp:145
时间为: 2022-12-16 15:15:18
httpRequest: 文件不存在或用户离开
info: /home/number/SimplyHttpServerBS/src/WebOp.cpp:62
时间为: 2022-12-16 15:15:18
evHandle: 连接关闭
info: /home/number/SimplyHttpServerBS/main.cpp:145
时间为: 2022-12-16 15:15:18
httpRequest: 文件不存在或用户离开
info: /home/number/SimplyHttpServerBS/src/WebOp.cpp:62
时间为: 2022-12-16 15:15:18
evHandle: 连接关闭
info: /home/number/SimplyHttpServerBS/main.cpp:145
时间为: 2022-12-16 15:20:24
httpRequest: 文件不存在或用户离开
info: /home/number/SimplyHttpServerBS/main.cpp:145
时间为: 2022-12-16 15:20:24
httpRequest: 文件不存在或用户离开
info: /home/number/SimplyHttpServerBS/src/WebOp.cpp:62
时间为: 2022-12-16 15:20:24
evHandle: 连接关闭
info: /home/number/SimplyHttpServerBS/main.cpp:145
时间为: 2022-12-16 15:20:30
httpRequest: 文件不存在或用户离开
info: /home/number/SimplyHttpServerBS/src/WebOp.cpp:62
时间为: 2022-12-16 15:20:30
evHandle: 连接关闭
info: /home/number/SimplyHttpServerBS/main.cpp:145
时间为: 2022-12-16 15:20:30
httpRequest: 文件不存在或用户离开
info: /home/number/SimplyHttpServerBS/src/WebOp.cpp:62
时间为: 2022-12-16 15:20:30
evHandle: 连接关闭
info: /home/number/SimplyHttpServerBS/main.cpp:148
时间为: 2022-12-16 15:27:00
httpRequest: 文件不存在或用户离开
info: /home/number/SimplyHttpServerBS/main.cpp:148
时间为: 2022-12-16 15:27:01
httpRequest: 文件不存在或用户离开
info: /home/number/SimplyHttpServerBS/src/WebOp.cpp:62
时间为: 2022-12-16 15:27:01
evHandle: 连接关闭
info: /home/number/SimplyHttpServerBS/src/WebOp.cpp:62
时间为: 2022-12-16 15:39:19
evHandle: 连接关闭
info: /home/number/SimplyHttpServerBS/main.cpp:149
时间为: 2022-12-16 15:50:38
httpRequest: 文件不存在或用户离开
info: /home/number/SimplyHttpServerBS/src/WebOp.cpp:62
时间为: 2022-12-16 15:50:38
evHandle: 连接关闭
info: /home/number/SimplyHttpServerBS/src/WebOp.cpp:62
时间为: 2022-12-16 16:02:17
evHandle: 连接关闭
info: /home/number/SimplyHttpServerBS/src/WebOp.cpp:62
时间为: 2022-12-16 16:03:24
evHandle: 连接关闭
info: /home/number/SimplyHttpServerBS/src/WebOp.cpp:62
时间为: 2022-12-16 16:04:31
evHandle: 连接关闭
info: /home/number/SimplyHttpServerBS/main.cpp:154
时间为: 2022-12-16 16:04:57
httpRequest: 文件不存在或用户离开
info: /home/number/SimplyHttpServerBS/src/WebOp.cpp:62
时间为: 2022-12-16 16:04:57
evHandle: 连接关闭
info: /home/number/SimplyHttpServerBS/main.cpp:154
时间为: 2022-12-16 16:04:57
httpRequest: 文件不存在或用户离开
info: /home/number/SimplyHttpServerBS/src/WebOp.cpp:62
时间为: 2022-12-16 16:04:57
evHandle: 连接关闭
info: /home/number/SimplyHttpServerBS/src/WebOp.cpp:62
时间为: 2022-12-16 16:04:58
evHandle: 连接关闭
info: /home/number/SimplyHttpServerBS/src/WebOp.cpp:62
时间为: 2022-12-16 16:04:59
evHandle: 连接关闭
info: /home/number/SimplyHttpServerBS/src/WebOp.cpp:62
时间为: 2022-12-16 16:05:05
evHandle: 连接关闭
info: /home/number/SimplyHttpServerBS/main.cpp:154
时间为: 2022-12-16 16:05:06
httpRequest: 文件不存在或用户离开
info: /home/number/SimplyHttpServerBS/src/WebOp.cpp:62
时间为: 2022-12-16 16:05:06
evHandle: 连接关闭
info: /home/number/SimplyHttpServerBS/main.cpp:154
时间为: 2022-12-16 16:05:06
httpRequest: 文件不存在或用户离开
info: /home/number/SimplyHttpServerBS/src/WebOp.cpp:62
时间为: 2022-12-16 16:05:06
evHandle: 连接关闭
info: /home/number/SimplyHttpServerBS/src/WebOp.cpp:62
时间为: 2022-12-16 16:05:10
evHandle: 连接关闭
info: /home/number/SimplyHttpServerBS/main.cpp:154
时间为: 2022-12-16 16:05:11
httpRequest: 文件不存在或用户离开
info: /home/number/SimplyHttpServerBS/src/WebOp.cpp:62
时间为: 2022-12-16 16:05:11
evHandle: 连接关闭
info: /home/number/SimplyHttpServerBS/main.cpp:154
时间为: 2022-12-16 16:05:11
httpRequest: 文件不存在或用户离开
info: /home/number/SimplyHttpServerBS/src/WebOp.cpp:62
时间为: 2022-12-16 16:05:11
evHandle: 连接关闭
info: /home/number/SimplyHttpServerBS/src/WebOp.cpp:62
时间为: 2022-12-16 16:05:11
evHandle: 连接关闭
info: /home/number/SimplyHttpServerBS/src/WebOp.cpp:62
时间为: 2022-12-16 16:05:12
evHandle: 连接关闭
info: /home/number/SimplyHttpServerBS/src/WebOp.cpp:62
时间为: 2022-12-16 16:05:49
evHandle: 连接关闭
info: /home/number/SimplyHttpServerBS/src/WebOp.cpp:62
时间为: 2022-12-16 16:05:51
evHandle: 连接关闭
info: /home/number/SimplyHttpServerBS/main.cpp:154
时间为: 2022-12-16 16:05:52
httpRequest: 文件不存在或用户离开
info: /home/number/SimplyHttpServerBS/src/WebOp.cpp:62
时间为: 2022-12-16 16:05:52
evHandle: 连接关闭
info: /home/number/SimplyHttpServerBS/main.cpp:154
时间为: 2022-12-16 16:05:53
httpRequest: 文件不存在或用户离开
info: /home/number/SimplyHttpServerBS/src/WebOp.cpp:62
时间为: 2022-12-16 16:05:53
evHandle: 连接关闭
info: /home/number/SimplyHttpServerBS/src/WebOp.cpp:62
时间为: 2022-12-16 16:10:04
evHandle: 连接关闭
info: /home/number/SimplyHttpServerBS/src/WebOp.cpp:62
时间为: 2022-12-16 16:10:12
evHandle: 连接关闭
info: /home/number/SimplyHttpServerBS/main.cpp:155
时间为: 2022-12-16 16:10:13
httpRequest: 文件不存在或用户离开
info: /home/number/SimplyHttpServerBS/src/WebOp.cpp:62
时间为: 2022-12-16 16:10:13
evHandle: 连接关闭
info: /home/number/SimplyHttpServerBS/main.cpp:155
时间为: 2022-12-16 16:10:13
httpRequest: 文件不存在或用户离开
info: /home/number/SimplyHttpServerBS/src/WebOp.cpp:62
时间为: 2022-12-16 16:10:13
evHandle: 连接关闭
info: /home/number/SimplyHttpServerBS/src/WebOp.cpp:62
时间为: 2022-12-16 16:10:45
evHandle: 连接关闭
info: /home/number/SimplyHttpServerBS/src/WebOp.cpp:62
时间为: 2022-12-16 16:12:58
evHandle: 连接关闭
info: /home/number/SimplyHttpServerBS/main.cpp:176
时间为: 2022-12-16 16:13:00
httpRequest: 文件不存在或用户离开
info: /home/number/SimplyHttpServerBS/src/WebOp.cpp:62
时间为: 2022-12-16 16:13:00
evHandle: 连接关闭
info: /home/number/SimplyHttpServerBS/main.cpp:176
时间为: 2022-12-16 16:13:00
httpRequest: 文件不存在或用户离开
info: /home/number/SimplyHttpServerBS/src/WebOp.cpp:62
时间为: 2022-12-16 16:13:00
evHandle: 连接关闭
info: /home/number/SimplyHttpServerBS/src/WebOp.cpp:62
时间为: 2022-12-16 16:13:01
evHandle: 连接关闭
info: /home/number/SimplyHttpServerBS/main.cpp:176
时间为: 2022-12-16 16:14:02
httpRequest: 文件不存在或用户离开
info: /home/number/SimplyHttpServerBS/main.cpp:176
时间为: 2022-12-16 16:14:02
httpRequest: 文件不存在或用户离开
info: /home/number/SimplyHttpServerBS/src/WebOp.cpp:62
时间为: 2022-12-16 16:14:02
evHandle: 连接关闭
info: /home/number/SimplyHttpServerBS/src/WebOp.cpp:62
时间为: 2022-12-16 16:14:16
evHandle: 连接关闭
info: /home/number/SimplyHttpServerBS/src/WebOp.cpp:62
时间为: 2022-12-16 16:14:19
evHandle: 连接关闭
info: /home/number/SimplyHttpServerBS/src/WebOp.cpp:62
时间为: 2022-12-16 16:14:22
evHandle: 连接关闭
info: /home/number/SimplyHttpServerBS/main.cpp:176
时间为: 2022-12-16 16:14:23
httpRequest: 文件不存在或用户离开
info: /home/number/SimplyHttpServerBS/src/WebOp.cpp:62
时间为: 2022-12-16 16:14:23
evHandle: 连接关闭
info: /home/number/SimplyHttpServerBS/main.cpp:176
时间为: 2022-12-16 16:14:23
httpRequest: 文件不存在或用户离开
info: /home/number/SimplyHttpServerBS/src/WebOp.cpp:62
时间为: 2022-12-16 16:14:23
evHandle: 连接关闭
info: /home/number/SimplyHttpServerBS/src/WebOp.cpp:62
时间为: 2022-12-16 16:14:24
evHandle: 连接关闭
info: /home/number/SimplyHttpServerBS/main.cpp:155
时间为: 2022-12-16 16:15:04
httpRequest: 文件不存在或用户离开
info: /home/number/SimplyHttpServerBS/main.cpp:155
时间为: 2022-12-16 16:15:04
httpRequest: 文件不存在或用户离开
info: /home/number/SimplyHttpServerBS/src/WebOp.cpp:62
时间为: 2022-12-16 16:15:04
evHandle: 连接关闭
info: /home/number/SimplyHttpServerBS/src/WebOp.cpp:62
时间为: 2022-12-16 16:15:14
evHandle: 连接关闭
info: /home/number/SimplyHttpServerBS/src/WebOp.cpp:62
时间为: 2022-12-16 16:15:14
evHandle: 连接关闭
info: /home/number/SimplyHttpServerBS/src/WebOp.cpp:62
时间为: 2022-12-16 16:15:16
evHandle: 连接关闭
info: /home/number/SimplyHttpServerBS/main.cpp:155
时间为: 2022-12-16 16:15:21
httpRequest: 文件不存在或用户离开
info: /home/number/SimplyHttpServerBS/src/WebOp.cpp:62
时间为: 2022-12-16 16:15:21
evHandle: 连接关闭
info: /home/number/SimplyHttpServerBS/main.cpp:155
时间为: 2022-12-16 16:15:21
httpRequest: 文件不存在或用户离开
info: /home/number/SimplyHttpServerBS/src/WebOp.cpp:62
时间为: 2022-12-16 16:15:21
evHandle: 连接关闭
info: /home/number/SimplyHttpServerBS/src/WebOp.cpp:62
时间为: 2022-12-16 16:15:22
evHandle: 连接关闭
info: /home/number/SimplyHttpServerBS/src/WebOp.cpp:62
时间为: 2022-12-16 16:15:24
evHandle: 连接关闭
info: /home/number/SimplyHttpServerBS/main.cpp:155
时间为: 2022-12-16 16:15:59
httpRequest: 文件不存在或用户离开
info: /home/number/SimplyHttpServerBS/src/WebOp.cpp:62
时间为: 2022-12-16 16:15:59
evHandle: 连接关闭
info: /home/number/SimplyHttpServerBS/main.cpp:155
时间为: 2022-12-16 16:15:59
httpRequest: 文件不存在或用户离开
info: /home/number/SimplyHttpServerBS/src/WebOp.cpp:62
时间为: 2022-12-16 16:15:59
evHandle: 连接关闭
info: /home/number/SimplyHttpServerBS/src/WebOp.cpp:62
时间为: 2022-12-16 16:16:01
evHandle: 连接关闭
info: /home/number/SimplyHttpServerBS/src/WebOp.cpp:62
时间为: 2022-12-16 16:18:22
evHandle: 连接关闭
info: /home/number/SimplyHttpServerBS/src/WebOp.cpp:62
时间为: 2022-12-16 16:18:27
evHandle: 连接关闭
info: /home/number/SimplyHttpServerBS/src/WebOp.cpp:62
时间为: 2022-12-16 16:18:39
evHandle: 连接关闭
info: /home/number/SimplyHttpServerBS/src/WebOp.cpp:62
时间为: 2022-12-16 16:18:41
evHandle: 连接关闭
info: /home/number/SimplyHttpServerBS/src/WebOp.cpp:62
时间为: 2022-12-16 16:19:05
evHandle: 连接关闭
info: /home/number/SimplyHttpServerBS/main.cpp:155
时间为: 2022-12-16 16:20:18
httpRequest: 文件不存在或用户离开
info: /home/number/SimplyHttpServerBS/src/WebOp.cpp:62
时间为: 2022-12-16 16:20:18
evHandle: 连接关闭
info: /home/number/SimplyHttpServerBS/src/WebOp.cpp:62
时间为: 2022-12-16 16:20:20
evHandle: 连接关闭
info: /home/number/SimplyHttpServerBS/src/WebOp.cpp:62
时间为: 2022-12-16 16:20:20
evHandle: 连接关闭
info: /home/number/SimplyHttpServerBS/src/WebOp.cpp:62
时间为: 2022-12-16 16:20:23
evHandle: 连接关闭
info: /home/number/SimplyHttpServerBS/main.cpp:155
时间为: 2022-12-16 16:20:24
httpRequest: 文件不存在或用户离开
info: /home/number/SimplyHttpServerBS/src/WebOp.cpp:62
时间为: 2022-12-16 16:20:24
evHandle: 连接关闭
info: /home/number/SimplyHttpServerBS/src/WebOp.cpp:62
时间为: 2022-12-16 16:20:25
evHandle: 连接关闭
info: /home/number/SimplyHttpServerBS/src/WebOp.cpp:62
时间为: 2022-12-16 16:20:25
evHandle: 连接关闭
info: /home/number/SimplyHttpServerBS/src/WebOp.cpp:62
时间为: 2022-12-16 16:20:27
evHandle: 连接关闭
info: /home/number/SimplyHttpServerBS/main.cpp:155
时间为: 2022-12-16 16:20:28
httpRequest: 文件不存在或用户离开
info: /home/number/SimplyHttpServerBS/src/WebOp.cpp:62
时间为: 2022-12-16 16:20:28
evHandle: 连接关闭
info: /home/number/SimplyHttpServerBS/src/WebOp.cpp:62
时间为: 2022-12-16 16:20:29
evHandle: 连接关闭
info: /home/number/SimplyHttpServerBS/main.cpp:155
时间为: 2022-12-16 16:20:30
httpRequest: 文件不存在或用户离开
info: /home/number/SimplyHttpServerBS/src/WebOp.cpp:62
时间为: 2022-12-16 16:20:30
evHandle: 连接关闭
info: /home/number/SimplyHttpServerBS/src/WebOp.cpp:62
时间为: 2022-12-16 16:20:31
evHandle: 连接关闭
info: /home/number/SimplyHttpServerBS/src/WebOp.cpp:62
时间为: 2022-12-16 16:20:54
evHandle: 连接关闭
info: /home/number/SimplyHttpServerBS/src/WebOp.cpp:62
时间为: 2022-12-16 16:20:58
evHandle: 连接关闭
info: /home/number/SimplyHttpServerBS/src/WebOp.cpp:62
时间为: 2022-12-16 16:21:00
evHandle: 连接关闭
info: /home/number/SimplyHttpServerBS/src/WebOp.cpp:62
时间为: 2022-12-16 16:21:01
evHandle: 连接关闭
info: /home/number/SimplyHttpServerBS/src/WebOp.cpp:62
时间为: 2022-12-16 16:21:25
evHandle: 连接关闭
info: /home/number/SimplyHttpServerBS/src/WebOp.cpp:62
时间为: 2022-12-16 16:21:26
evHandle: 连接关闭
info: /home/number/SimplyHttpServerBS/src/WebOp.cpp:62
时间为: 2022-12-16 16:21:28
evHandle: 连接关闭
info: /home/number/SimplyHttpServerBS/src/WebOp.cpp:62
时间为: 2022-12-16 16:21:30
evHandle: 连接关闭
info: /home/number/SimplyHttpServerBS/main.cpp:155
时间为: 2022-12-16 16:21:36
httpRequest: 文件不存在或用户离开
info: /home/number/SimplyHttpServerBS/src/WebOp.cpp:62
时间为: 2022-12-16 16:21:36
evHandle: 连接关闭
info: /home/number/SimplyHttpServerBS/src/WebOp.cpp:62
时间为: 2022-12-16 16:21:37
evHandle: 连接关闭
info: /home/number/SimplyHttpServerBS/src/WebOp.cpp:62
时间为: 2022-12-16 16:21:38
evHandle: 连接关闭
info: /home/number/SimplyHttpServerBS/main.cpp:155
时间为: 2022-12-16 16:21:40
httpRequest: 文件不存在或用户离开
info: /home/number/SimplyHttpServerBS/src/WebOp.cpp:62
时间为: 2022-12-16 16:21:40
evHandle: 连接关闭
info: /home/number/SimplyHttpServerBS/src/WebOp.cpp:62
时间为: 2022-12-16 16:21:41
evHandle: 连接关闭
info: /home/number/SimplyHttpServerBS/src/WebOp.cpp:62
时间为: 2022-12-16 16:21:41
evHandle: 连接关闭
info: /home/number/SimplyHttpServerBS/src/WebOp.cpp:62
时间为: 2022-12-16 16:27:21
evHandle: 连接关闭
info: /home/number/SimplyHttpServerBS/src/WebOp.cpp:62
时间为: 2022-12-16 16:27:23
evHandle: 连接关闭
info: /home/number/SimplyHttpServerBS/src/WebOp.cpp:62
时间为: 2022-12-16 16:27:25
evHandle: 连接关闭
info: /home/number/SimplyHttpServerBS/src/WebOp.cpp:62
时间为: 2022-12-16 16:27:31
evHandle: 连接关闭
info: /home/number/SimplyHttpServerBS/src/WebOp.cpp:62
时间为: 2022-12-16 16:27:44
evHandle: 连接关闭
info: /home/number/SimplyHttpServerBS/src/WebOp.cpp:62
时间为: 2022-12-16 16:28:00
evHandle: 连接关闭
info: /home/number/SimplyHttpServerBS/src/WebOp.cpp:62
时间为: 2022-12-16 16:28:04
evHandle: 连接关闭
info: /home/number/SimplyHttpServerBS/src/WebOp.cpp:62
时间为: 2022-12-16 16:28:32
evHandle: 连接关闭
info: /home/number/SimplyHttpServerBS/main.cpp:155
时间为: 2022-12-16 16:28:33
httpRequest: 文件不存在或用户离开
info: /home/number/SimplyHttpServerBS/src/WebOp.cpp:62
时间为: 2022-12-16 16:28:33
evHandle: 连接关闭
info: /home/number/SimplyHttpServerBS/main.cpp:155
时间为: 2022-12-16 16:28:33
httpRequest: 文件不存在或用户离开
info: /home/number/SimplyHttpServerBS/src/WebOp.cpp:62
时间为: 2022-12-16 16:28:33
evHandle: 连接关闭
info: /home/number/SimplyHttpServerBS/src/WebOp.cpp:62
时间为: 2022-12-16 16:28:34
evHandle: 连接关闭
info: /home/number/SimplyHttpServerBS/main.cpp:155
时间为: 2022-12-16 16:28:35
httpRequest: 文件不存在或用户离开
info: /home/number/SimplyHttpServerBS/src/WebOp.cpp:62
时间为: 2022-12-16 16:28:35
evHandle: 连接关闭
info: /home/number/SimplyHttpServerBS/main.cpp:155
时间为: 2022-12-16 16:28:35
httpRequest: 文件不存在或用户离开
info: /home/number/SimplyHttpServerBS/src/WebOp.cpp:62
时间为: 2022-12-16 16:28:35
evHandle: 连接关闭
info: /home/number/SimplyHttpServerBS/src/WebOp.cpp:62
时间为: 2022-12-16 16:28:36
evHandle: 连接关闭
info: /home/number/SimplyHttpServerBS/src/WebOp.cpp:62
时间为: 2022-12-16 16:29:22
evHandle: 连接关闭
info: /home/number/SimplyHttpServerBS/src/WebOp.cpp:62
时间为: 2022-12-16 16:29:26
evHandle: 连接关闭
info: /home/number/SimplyHttpServerBS/src/WebOp.cpp:62
时间为: 2022-12-16 16:29:45
evHandle: 连接关闭
info: /home/number/SimplyHttpServerBS/src/WebOp.cpp:62
时间为: 2022-12-16 16:29:47
evHandle: 连接关闭
info: /home/number/SimplyHttpServerBS/main.cpp:155
时间为: 2022-12-16 16:29:47
httpRequest: 文件不存在或用户离开
info: /home/number/SimplyHttpServerBS/src/WebOp.cpp:62
时间为: 2022-12-16 16:29:47
evHandle: 连接关闭
info: /home/number/SimplyHttpServerBS/main.cpp:155
时间为: 2022-12-16 16:29:47
httpRequest: 文件不存在或用户离开
info: /home/number/SimplyHttpServerBS/src/WebOp.cpp:62
时间为: 2022-12-16 16:29:47
evHandle: 连接关闭
info: /home/number/SimplyHttpServerBS/src/WebOp.cpp:62
时间为: 2022-12-16 16:31:34
evHandle: 连接关闭
info: /home/number/SimplyHttpServerBS/src/WebOp.cpp:62
时间为: 2022-12-16 16:31:38
evHandle: 连接关闭
info: /home/number/SimplyHttpServerBS/src/WebOp.cpp:62
时间为: 2022-12-16 16:31:39
evHandle: 连接关闭
info: /home/number/SimplyHttpServerBS/src/WebOp.cpp:62
时间为: 2022-12-16 16:31:41
evHandle: 连接关闭
info: /home/number/SimplyHttpServerBS/src/WebOp.cpp:62
时间为: 2022-12-16 16:31:43
evHandle: 连接关闭
info: /home/number/SimplyHttpServerBS/src/WebOp.cpp:62
时间为: 2022-12-16 16:31:44
evHandle: 连接关闭
info: /home/number/SimplyHttpServerBS/src/WebOp.cpp:62
时间为: 2022-12-16 16:31:45
evHandle: 连接关闭
info: /home/number/SimplyHttpServerBS/src/WebOp.cpp:62
时间为: 2022-12-16 16:31:46
evHandle: 连接关闭
info: /home/number/SimplyHttpServerBS/src/WebOp.cpp:62
时间为: 2022-12-16 16:31:47
evHandle: 连接关闭
info: /home/number/SimplyHttpServerBS/src/WebOp.cpp:62
时间为: 2022-12-16 16:31:48
evHandle: 连接关闭
info: /home/number/SimplyHttpServerBS/src/WebOp.cpp:62
时间为: 2022-12-16 16:31:48
evHandle: 连接关闭
info: /home/number/SimplyHttpServerBS/src/WebOp.cpp:62
时间为: 2022-12-16 16:31:51
evHandle: 连接关闭
info: /home/number/SimplyHttpServerBS/src/WebOp.cpp:62
时间为: 2022-12-16 16:31:52
evHandle: 连接关闭
info: /home/number/SimplyHttpServerBS/src/WebOp.cpp:62
时间为: 2022-12-16 16:31:54
evHandle: 连接关闭
